<?xml version="1.0" encoding="UTF-8"?>
<testng-results skipped="0" failed="0" ignored="0" total="2" passed="2">
  <reporter-output>
  </reporter-output>
  <suite name="TestCases" duration-ms="2480" started-at="2020-07-26T19:20:42 IST" finished-at="2020-07-26T19:20:44 IST">
    <groups>
    </groups>
    <test name="Command line test" duration-ms="2480" started-at="2020-07-26T19:20:42 IST" finished-at="2020-07-26T19:20:44 IST">
      <class name="TestCases">
        <test-method status="PASS" signature="test1()[pri:0, instance:TestCases@26653222]" name="test1" duration-ms="2397" started-at="2020-07-26T19:20:42 IST" finished-at="2020-07-26T19:20:44 IST">
          <reporter-output>
          </reporter-output>
        </test-method> <!-- test1 -->
        <test-method status="PASS" signature="test2()[pri:0, instance:TestCases@26653222]" name="test2" duration-ms="1" started-at="2020-07-26T19:20:44 IST" finished-at="2020-07-26T19:20:44 IST">
          <reporter-output>
          </reporter-output>
        </test-method> <!-- test2 -->
      </class> <!-- TestCases -->
    </test> <!-- Command line test -->
  </suite> <!-- TestCases -->
</testng-results>
